<?xml version="1.0" encoding="utf-8"?><testsuites name="pytest tests"><testsuite name="pytest" errors="0" failures="2" skipped="0" tests="20" time="5.613" timestamp="2026-08-11T03:21:58.820866+00:00" hostname="agent-env-fa8903f9-f8a5-482f-8e09-14bb839701db"><testcase classname="tests.test_rbac_phase1.TestMeContext" name="test_fundador_context" time="2.917" /><testcase classname="tests.test_rbac_phase1.TestRoleChanges" name="test_membro_cannot_list_users" time="2.982" /><testcase classname="tests.test_rbac_phase1.TestMeContext" name="test_admin_context" time="0.072" /><testcase classname="tests.test_rbac_phase1.TestRoleChanges" name="test_fundador_cannot_change_own_role" time="0.072" /><testcase classname="tests.test_rbac_phase1.TestMeContext" name="test_geral_context" time="0.074" /><testcase classname="tests.test_rbac_phase1.TestRoleChanges" name="test_fundador_promotes_formador_to_cofundador_and_reverts" time="0.403" /><testcase classname="tests.test_rbac_phase1.TestMeContext" name="test_membro_context" time="0.068" /><testcase classname="tests.test_rbac_phase1.TestMeContext" name="test_login_includes_is_top_authority" time="0.000" /><testcase classname="tests.test_rbac_phase1.TestExistingFlows" name="test_fundador_can_access_master" time="0.210" /><testcase classname="tests.test_rbac_phase1.TestExistingFlows" name="test_stage_access_control_still_works" time="0.157"><failure message="AssertionError: SECURITY REGRESSION: prevoc (stage 1) can access stage 3 modules (status 200). See server.py:207 — gating condition is inverted.&#10;assert 200 == 403&#10; +  where 200 = &lt;Response [200]&gt;.status_code">E   AssertionError: SECURITY REGRESSION: prevoc (stage 1) can access stage 3 modules (status 200). See server.py:207 — gating condition is inverted.
    assert 200 == 403
     +  where 200 = &lt;Response [200]&gt;.status_code</failure></testcase><testcase classname="tests.test_rbac_phase1.TestRoleChanges" name="test_cofundador_cannot_escalate_target_to_fundador" time="0.670" /><testcase classname="tests.test_rbac_phase1.TestExistingFlows" name="test_lives_endpoint_works" time="0.073" /><testcase classname="tests.test_rbac_phase1.TestAdminProtected" name="test_fundador_cannot_change_admin_role" time="0.330" /><testcase classname="tests.test_rbac_phase1.TestAdminProtected" name="test_fundador_cannot_change_admin_formation" time="0.141"><failure message="AssertionError: {&quot;ok&quot;:true,&quot;status&quot;:&quot;applied&quot;,&quot;log&quot;:{&quot;id&quot;:&quot;77fa0424-fb33-4652-b38e-c2962e2792de&quot;,&quot;user_id&quot;:&quot;d980d3fb-b070-4a87-91c0-9f988a000788&quot;,&quot;previous_stage&quot;:6,&quot;new_stage&quot;:3,&quot;changed_by&quot;:&quot;e37fe4e5-8fd5-46bd-b6dd-4c3185436997&quot;,&quot;changed_by_name&quot;:&quot;Kelvin (Fundador)&quot;,&quot;changed_at&quot;:&quot;2026-08-11T03:22:03.122409+00:00&quot;,&quot;reason&quot;:&quot;TEST hack admin&quot;,&quot;change_type&quot;:&quot;RETROCESSION&quot;,&quot;ip&quot;:&quot;10.49.136.6&quot;}}&#10;assert 200 == 403&#10; +  where 200 = &lt;Response [200]&gt;.status_code">E   AssertionError: {"ok":true,"status":"applied","log":{"id":"77fa0424-fb33-4652-b38e-c2962e2792de","user_id":"d980d3fb-b070-4a87-91c0-9f988a000788","previous_stage":6,"new_stage":3,"changed_by":"e37fe4e5-8fd5-46bd-b6dd-4c3185436997","changed_by_name":"Kelvin (Fundador)","changed_at":"2026-08-11T03:22:03.122409+00:00","reason":"TEST hack admin","change_type":"RETROCESSION","ip":"10.49.136.6"}}
    assert 200 == 403
     +  where 200 = &lt;Response [200]&gt;.status_code</failure></testcase><testcase classname="tests.test_rbac_phase1.TestGoldenRule" name="test_formation_conclusion_does_not_change_stage" time="0.138" /><testcase classname="tests.test_rbac_phase1.TestFormationStage" name="test_formador_cannot_change_formation" time="0.138" /><testcase classname="tests.test_rbac_phase1.TestAssignGeral" name="test_assign_geral_by_fundador" time="0.209" /><testcase classname="tests.test_rbac_phase1.TestFormationStage" name="test_membro_cannot_change_own_formation" time="0.071" /><testcase classname="tests.test_rbac_phase1.TestFormationStage" name="test_formador_geral_out_of_scope_forbidden" time="0.066" /><testcase classname="tests.test_rbac_phase1.TestFormationStage" name="test_formador_geral_requests_and_fundador_approves" time="0.894" /></testsuite></testsuites>