<?xml version="1.0" encoding="utf-8"?><testsuites name="pytest tests"><testsuite name="pytest" errors="0" failures="2" skipped="1" tests="76" time="32.198" timestamp="2026-08-11T01:14:05.642821+00:00" hostname="agent-env-fa8903f9-f8a5-482f-8e09-14bb839701db"><testcase classname="tests.backend_test.TestMediaParse" name="test_parse_youtube_watch" time="0.590" /><testcase classname="tests.backend_test.TestFormadorCannotChangeStage" name="test_formador_forbidden_master[/master/users-GET]" time="0.660" /><testcase classname="tests.backend_test.TestMediaParse" name="test_parse_youtube_short" time="0.074" /><testcase classname="tests.backend_test.TestFormadorCannotChangeStage" name="test_formador_forbidden_master[/master/recommendations-GET]" time="0.075" /><testcase classname="tests.backend_test.TestMediaParse" name="test_parse_youtube_live" time="0.074" /><testcase classname="tests.backend_test.TestFormadorCannotChangeStage" name="test_formador_forbidden_master[/master/settings-GET]" time="0.074" /><testcase classname="tests.backend_test.TestMediaParse" name="test_parse_vimeo" time="0.117" /><testcase classname="tests.backend_test.TestMediaParse" name="test_parse_vimeo_player" time="0.244" /><testcase classname="tests.backend_test.TestFormadorCannotChangeStage" name="test_formador_forbidden_master_stage_post" time="0.430" /><testcase classname="tests.backend_test.TestMediaParse" name="test_parse_invalid_url" time="0.066" /><testcase classname="tests.backend_test.TestMediaParse" name="test_parse_unsupported_provider" time="0.068" /><testcase classname="tests.backend_test.TestFormadorCannotChangeStage" name="test_formador_recommend_empty_justification_400" time="0.353" /><testcase classname="tests.backend_test.TestMediaParse" name="test_parse_forbidden_for_member" time="0.354" /><testcase classname="tests.backend_test.TestPassport" name="test_get_passport_structure" time="0.065" /><testcase classname="tests.backend_test.TestFormadorCannotChangeStage" name="test_formador_can_recommend" time="0.431" /><testcase classname="tests.backend_test.TestMembroAdminCannotChangeStage" name="test_membro_forbidden[/master/users]" time="0.234" /><testcase classname="tests.backend_test.TestPassport" name="test_passport_available_to_any_user" time="0.850" /><testcase classname="tests.backend_test.TestMembroAdminCannotChangeStage" name="test_membro_forbidden[/master/recommendations]" time="0.115" /><testcase classname="tests.backend_test.TestMembroAdminCannotChangeStage" name="test_membro_forbidden[/master/settings]" time="0.069" /><testcase classname="tests.backend_test.TestPassport" name="test_master_grants_milestone" time="0.380" /><testcase classname="tests.backend_test.TestMembroAdminCannotChangeStage" name="test_admin_forbidden_master" time="0.444" /><testcase classname="tests.backend_test.TestPassport" name="test_master_grant_invalid_key" time="0.291" /><testcase classname="tests.backend_test.TestMembroAdminCannotChangeStage" name="test_admin_patch_ignores_current_stage_order" time="0.609" /><testcase classname="tests.backend_test.TestPassport" name="test_non_master_cannot_grant" time="0.135" /><testcase classname="tests.backend_test.TestPassport" name="test_lesson_completion_awards_milestone" time="0.550" /><testcase classname="tests.backend_test.TestStageHierarchy" name="test_stage[prevocacionado@caminho.app-1]" time="0.831" /><testcase classname="tests.backend_test.TestStageRequirements" name="test_get_requirements_defaults" time="0.068" /><testcase classname="tests.backend_test.TestStageRequirements" name="test_non_master_forbidden[formador_s]" time="0.137" /><testcase classname="tests.backend_test.TestStageRequirements" name="test_non_master_forbidden[membro_s]" time="0.141" /><testcase classname="tests.backend_test.TestStageRequirements" name="test_non_master_forbidden[admin_s]" time="0.154" /><testcase classname="tests.backend_test.TestStageHierarchy" name="test_stage[vocacionado@caminho.app-2]" time="0.960" /><testcase classname="tests.backend_test.TestStageRequirements" name="test_toggle_affects_formation_status_but_not_stage" time="0.712" /><testcase classname="tests.backend_test.TestPastoralReport" name="test_pastoral_report_shape" time="1.542" /><testcase classname="tests.backend_test.TestStageHierarchy" name="test_stage[discipulo2@caminho.app-4]" time="0.846" /><testcase classname="tests.backend_test.TestStageHierarchy" name="test_stage[compromissado@caminho.app-5]" time="0.858" /><testcase classname="tests.backend_test.TestPastoralReport" name="test_non_master_forbidden[formador_s]" time="0.067" /><testcase classname="tests.backend_test.TestPastoralReport" name="test_non_master_forbidden[membro_s]" time="0.068" /><testcase classname="tests.backend_test.TestPastoralReport" name="test_non_master_forbidden[admin_s]" time="0.068" /><testcase classname="tests.backend_test.TestStageAccessControl" name="test_lower_stages_accessible" time="0.624" /><testcase classname="tests.backend_test.TestStageHierarchy" name="test_stage[consagrado@caminho.app-6]" time="0.827" /><testcase classname="tests.backend_test.TestStageAccessControl" name="test_higher_stages_blocked" time="0.360" /><testcase classname="tests.backend_test.TestStageAccessControl" name="test_higher_stage_lesson_blocked" time="0.933"><skipped type="pytest.skip" message="no seeded lesson above stage 3 to exercise block">/app/backend/tests/backend_test.py:270: no seeded lesson above stage 3 to exercise block</skipped></testcase><testcase classname="tests.backend_test.TestAuth" name="test_login_roles" time="1.205" /><testcase classname="tests.backend_test.TestAdminRoleGating" name="test_admin_can_access_admin" time="0.353" /><testcase classname="tests.backend_test.TestAuth" name="test_bad_password" time="0.343" /><testcase classname="tests.backend_test.TestAdminRoleGating" name="test_admin_forbidden_master" time="0.348" /><testcase classname="tests.backend_test.TestAuth" name="test_me_no_token" time="0.062" /><testcase classname="tests.backend_test.TestNotificationsCentral" name="test_get_notifications_returns_list" time="0.068" /><testcase classname="tests.backend_test.TestAdminRoleGating" name="test_mestre_can_access_both" time="0.372" /><testcase classname="tests.backend_test.TestNotificationsCentral" name="test_mark_read" time="1.031" /><testcase classname="tests.backend_test.TestCoursesPermission" name="test_membro_cannot_create_course" time="0.082" /><testcase classname="tests.backend_test.TestCoursesPermission" name="test_formador_authorized_creates_course" time="0.071" /><testcase classname="tests.backend_test.TestCoursesPermission" name="test_formador_without_create_course_denied" time="0.920" /><testcase classname="tests.backend_test.TestNotificationsCentral" name="test_notifications_ordered_desc" time="0.068" /><testcase classname="tests.backend_test.TestExternalMediaCRUDAndAccess" name="test_create_and_stage_access_control" time="1.346" /><testcase classname="tests.backend_test.TestMasterChange" name="test_advance_then_retrocede" time="0.647" /><testcase classname="tests.backend_test.TestMasterChange" name="test_invalid_stage_rejected" time="0.200" /><testcase classname="tests.backend_test.TestAuditLog" name="test_history_contains_change_and_maintain" time="0.566" /><testcase classname="tests.backend_test.TestExternalMediaCRUDAndAccess" name="test_live_status_lifecycle_and_notify" time="0.638" /><testcase classname="tests.backend_test.TestAuditLog" name="test_reason_required" time="0.238" /><testcase classname="tests.backend_test.TestRecommendationFlow" name="test_full_cycle_accept" time="0.669" /><testcase classname="tests.backend_test.TestExternalMediaCRUDAndAccess" name="test_providers_endpoints" time="0.271" /><testcase classname="tests.backend_test.TestLivesLifecycle" name="test_create_live_without_start_perm_cannot_start" time="0.847" /><testcase classname="tests.backend_test.TestRecommendationFlow" name="test_reject_does_not_apply" time="0.872" /><testcase classname="tests.backend_test.TestLivesLifecycle" name="test_start_and_end_live" time="0.776"><failure message="AssertionError: assert 50 &gt; 50&#10; +  where 50 = len([{'id': '5bc04363-a2cf-4daf-a97a-7f3a8e8b1404', 'user_id': '30ecd2eb-bf42-43a7-a5ac-8f0403f51d52', 'title': '🔴 Ao vivo...e formação foi atualizada para Discípulo — Ano 2. Continue sua caminhada de formação, comunidade e missão.', ...}, ...])">backend/tests/backend_test.py:836: in test_start_and_end_live
    assert len(notes) &gt; n_before
E   AssertionError: assert 50 &gt; 50
E    +  where 50 = len([{'id': '5bc04363-a2cf-4daf-a97a-7f3a8e8b1404', 'user_id': '30ecd2eb-bf42-43a7-a5ac-8f0403f51d52', 'title': '🔴 Ao vivo...e formação foi atualizada para Discípulo — Ano 2. Continue sua caminhada de formação, comunidade e missão.', ...}, ...])</failure></testcase><testcase classname="tests.backend_test.TestStageInvariant" name="test_formador_cannot_change_stage" time="0.211" /><testcase classname="tests.backend_test.TestStageInvariant" name="test_mestre_stage_change_requires_reason" time="0.416" /><testcase classname="tests.backend_test.TestPermissionsMgmt" name="test_list_formadores_permissions_master_only" time="0.266" /><testcase classname="tests.backend_test.TestPermissionsMgmt" name="test_put_permissions_master_only" time="0.696" /><testcase classname="tests.backend_test.TestAnnouncements" name="test_create_and_list_and_stage_filter" time="0.990" /><testcase classname="tests.backend_test.TestConclusionDoesNotPromote" name="test_formation_status_concluded_but_stage_unchanged" time="1.068"><failure message="AssertionError: expected concluded=true, got {'percent': 88, 'completed_lessons': 7, 'total_lessons': 8, 'mandatory_lives_ok': True, 'concluded': False, 'requirements': {'require_lessons': True, 'require_mandatory_lives': True}, 'next_step': 'Continue sua formação nesta etapa, no seu ritmo.'}&#10;assert False is True">backend/tests/backend_test.py:107: in test_formation_status_concluded_but_stage_unchanged
    assert d["concluded"] is True, f"expected concluded=true, got {d}"
E   AssertionError: expected concluded=true, got {'percent': 88, 'completed_lessons': 7, 'total_lessons': 8, 'mandatory_lives_ok': True, 'concluded': False, 'requirements': {'require_lessons': True, 'require_mandatory_lives': True}, 'next_step': 'Continue sua formação nesta etapa, no seu ritmo.'}
E   assert False is True</failure></testcase><testcase classname="tests.backend_test.TestAnnouncements" name="test_member_cannot_create_announcement" time="0.106" /><testcase classname="tests.backend_test.TestMasterMaintain" name="test_maintain_stage" time="0.415" /><testcase classname="tests.backend_test.TestLessonOwnershipEdit" name="test_ownership_and_edit_all_content" time="1.461" /><testcase classname="tests.backend_test.TestNotifications" name="test_notifications_created_on_change" time="0.881" /><testcase classname="tests.backend_test.TestAISmoke" name="test_assistant_responds" time="14.034" /></testsuite></testsuites>