<?xml version="1.0" encoding="utf-8"?><testsuites name="pytest tests"><testsuite name="pytest" errors="0" failures="0" skipped="1" tests="18" time="5.363" timestamp="2026-08-10T22:41:47.075182+00:00" hostname="agent-env-fa8903f9-f8a5-482f-8e09-14bb839701db"><testcase classname="tests.backend_test.TestAuth" name="test_login_membro" time="0.758" /><testcase classname="tests.backend_test.TestRoleSecurity" name="test_membro_forbidden[/formador/people]" time="0.760" /><testcase classname="tests.backend_test.TestAuth" name="test_login_admin_formador" time="0.668" /><testcase classname="tests.backend_test.TestRoleSecurity" name="test_membro_forbidden[/approvals]" time="0.078" /><testcase classname="tests.backend_test.TestRoleSecurity" name="test_membro_forbidden[/admin/stats]" time="0.266" /><testcase classname="tests.backend_test.TestRoleSecurity" name="test_membro_forbidden[/admin/users]" time="0.080" /><testcase classname="tests.backend_test.TestStageSecurity" name="test_accessible_stage" time="0.631" /><testcase classname="tests.backend_test.TestAuth" name="test_auth_me" time="0.437" /><testcase classname="tests.backend_test.TestStageSecurity" name="test_blocked_stage" time="0.542" /><testcase classname="tests.backend_test.TestAuth" name="test_invalid_password" time="0.342" /><testcase classname="tests.backend_test.TestAuth" name="test_no_token" time="0.071" /><testcase classname="tests.backend_test.TestAdmin" name="test_stats" time="0.591" /><testcase classname="tests.backend_test.TestStageSecurity" name="test_blocked_lesson" time="0.573"><skipped type="pytest.skip" message="membro already at stage 3; no higher seeded stage to test lesson block">/app/backend/tests/backend_test.py:96: membro already at stage 3; no higher seeded stage to test lesson block</skipped></testcase><testcase classname="tests.backend_test.TestAdmin" name="test_users_and_patch" time="0.281" /><testcase classname="tests.backend_test.TestDashboardMissions" name="test_dashboard" time="0.094" /><testcase classname="tests.backend_test.TestDashboardMissions" name="test_missions_complete" time="0.448" /><testcase classname="tests.backend_test.TestApprovalFlow" name="test_full_flow" time="1.605" /><testcase classname="tests.backend_test.TestFormadorPeople" name="test_my_people" time="0.076" /></testsuite></testsuites>